<?xml version="1.0" encoding="UTF-8"?>
<!-- Generated by org.testng.reporters.JUnitXMLReporter -->
<testsuite ignored="4" hostname="Neudesic30CZ444" failures="0" tests="8" name="Surefire test" time="0.047" errors="0" timestamp="2025-03-22T13:44:20 IST">
  <testcase classname="com.qa.opencart.base.BaseTest" name="@BeforeTest setup" time="-1.742631260423E9">
    <failure type="org.testng.TestNGException" message="
Parameter &amp;apos;browser&amp;apos; is required by BeforeTest on method setup but has not been marked @Optional or defined
">
      <![CDATA[org.testng.TestNGException: 
Parameter 'browser' is required by BeforeTest on method setup but has not been marked @Optional or defined

... Removed 26 stack frames]]>
    </failure>
  </testcase> <!-- @BeforeTest setup -->
  <testcase classname="com.qa.opencart.base.BaseTest" name="@AfterTest tearDown" time="0.0">
    <skipped/>
  </testcase> <!-- @AfterTest tearDown -->
  <testcase classname="com.qa.opencart.tests.HomePageTests" name="homePageTitleTest" time="0.0">
    <skipped/>
  </testcase> <!-- homePageTitleTest -->
  <testcase classname="com.qa.opencart.tests.HomePageTests" name="homePageURLTest" time="0.0">
    <skipped/>
  </testcase> <!-- homePageURLTest -->
  <testcase classname="com.qa.opencart.tests.HomePageTests" name="searchTest" time="0.0">
    <skipped/>
  </testcase> <!-- searchTest -->
  <testcase classname="com.qa.opencart.tests.HomePageTests" name="searchTest" time="0.0">
    <skipped/>
  </testcase> <!-- searchTest -->
  <testcase classname="com.qa.opencart.tests.HomePageTests" name="searchTest" time="0.0">
    <skipped/>
  </testcase> <!-- searchTest -->
  <testcase classname="com.qa.opencart.tests.LoginPageTests" name="loginPageNavigationTest" time="0.0">
    <skipped/>
  </testcase> <!-- loginPageNavigationTest -->
  <testcase classname="com.qa.opencart.tests.LoginPageTests" name="forgotPwdLinkExistTest" time="0.0">
    <skipped/>
  </testcase> <!-- forgotPwdLinkExistTest -->
  <testcase classname="com.qa.opencart.tests.LoginPageTests" name="appLoginTest" time="0.0">
    <skipped/>
  </testcase> <!-- appLoginTest -->
  <testcase classname="com.qa.opencart.base.BaseTest" name="@BeforeTest setup" time="0.0">
    <ignored/>
  </testcase> <!-- @BeforeTest setup -->
  <testcase classname="com.qa.opencart.base.BaseTest" name="@AfterTest tearDown" time="0.0">
    <ignored/>
  </testcase> <!-- @AfterTest tearDown -->
  <testcase classname="com.qa.opencart.base.BaseTest" name="@BeforeTest setup" time="0.0">
    <ignored/>
  </testcase> <!-- @BeforeTest setup -->
  <testcase classname="com.qa.opencart.base.BaseTest" name="@AfterTest tearDown" time="0.0">
    <ignored/>
  </testcase> <!-- @AfterTest tearDown -->
</testsuite> <!-- Surefire test -->
