<?xml version="1.0" encoding="UTF-8"?>
<!-- Generated by org.testng.reporters.JUnitXMLReporter -->
<testsuite ignored="0" hostname="Neudesic30CZ444" failures="0" tests="5" name="Open Cart Home Page Test_edge" time="9.935" errors="0" timestamp="2025-03-22T16:50:18 IST">
  <testcase classname="com.qa.opencart.tests.HomePageTests" name="homePageTitleTest" time="0.039"/>
  <testcase classname="com.qa.opencart.tests.HomePageTests" name="homePageURLTest" time="0.001"/>
  <testcase classname="com.qa.opencart.tests.HomePageTests" name="searchTest" time="0.654"/>
  <testcase classname="com.qa.opencart.tests.HomePageTests" name="searchTest" time="0.454"/>
  <testcase classname="com.qa.opencart.tests.HomePageTests" name="searchTest" time="0.478"/>
</testsuite> <!-- Open Cart Home Page Test_edge -->
