<?xml version="1.0" encoding="UTF-8"?>
<!-- Generated by org.testng.reporters.JUnitXMLReporter -->
<testsuite ignored="0" hostname="Neudesic30CZ444" failures="0" tests="3" name="Open Cart Login Page Test_chromium" time="9.704" errors="0" timestamp="2025-03-22T16:51:21 IST">
  <testcase classname="com.qa.opencart.tests.LoginPageTests" name="loginPageNavigationTest" time="0.535"/>
  <testcase classname="com.qa.opencart.tests.LoginPageTests" name="forgotPwdLinkExistTest" time="0.018"/>
  <testcase classname="com.qa.opencart.tests.LoginPageTests" name="appLoginTest" time="0.722"/>
</testsuite> <!-- Open Cart Login Page Test_chromium -->
