<?xml version="1.0" encoding="UTF-8"?>
<!-- Generated by org.testng.reporters.JUnitXMLReporter -->
<testsuite ignored="0" hostname="Neudesic30CZ444" failures="0" tests="5" name="Open Cart Home Page Test_chrome" time="11.213" errors="0" timestamp="2025-03-22T16:51:23 IST">
  <testcase classname="com.qa.opencart.base.BaseTest" name="@BeforeTest setup" time="2.283">
    <failure type="com.microsoft.playwright.PlaywrightException" message="Error {
  message=&amp;apos;Connecting to SELENIUM_REMOTE_URL is only supported by Chromium
  name=&amp;apos;Error
  stack=&amp;apos;Error: Connecting to SELENIUM_REMOTE_URL is only supported by Chromium
    at Firefox._launchWithSeleniumHub (C:\Users\HARIKR~1.DIL\AppData\Local\Temp\playwright-java-469008206254374460\package\lib\server\browserType.js:258:11)
    at C:\Users\HARIKR~1.DIL\AppData\Local\Temp\playwright-java-469008206254374460\package\lib\server\browserType.js:64:39
    at ProgressController.run (C:\Users\HARIKR~1.DIL\AppData\Local\Temp\playwright-java-469008206254374460\package\lib\server\progress.js:81:23)
    at Firefox.launch (C:\Users\HARIKR~1.DIL\AppData\Local\Temp\playwright-java-469008206254374460\package\lib\server\browserType.js:62:38)
    at BrowserTypeDispatcher.launch (C:\Users\HARIKR~1.DIL\AppData\Local\Temp\playwright-java-469008206254374460\package\lib\server\dispatchers\browserTypeDispatcher.js:35:40)
    at BrowserTypeDispatcher._handleCommand (C:\Users\HARIKR~1.DIL\AppData\Local\Temp\playwright-java-469008206254374460\package\lib\server\dispatchers\dispatcher.js:94:40)
    at DispatcherConnection.dispatch (C:\Users\HARIKR~1.DIL\AppData\Local\Temp\playwright-java-469008206254374460\package\lib\server\dispatchers\dispatcher.js:361:39)
}">
      <![CDATA[com.microsoft.playwright.PlaywrightException: Error {
  message='Connecting to SELENIUM_REMOTE_URL is only supported by Chromium
  name='Error
  stack='Error: Connecting to SELENIUM_REMOTE_URL is only supported by Chromium
    at Firefox._launchWithSeleniumHub (C:\Users\HARIKR~1.DIL\AppData\Local\Temp\playwright-java-469008206254374460\package\lib\server\browserType.js:258:11)
    at C:\Users\HARIKR~1.DIL\AppData\Local\Temp\playwright-java-469008206254374460\package\lib\server\browserType.js:64:39
    at ProgressController.run (C:\Users\HARIKR~1.DIL\AppData\Local\Temp\playwright-java-469008206254374460\package\lib\server\progress.js:81:23)
    at Firefox.launch (C:\Users\HARIKR~1.DIL\AppData\Local\Temp\playwright-java-469008206254374460\package\lib\server\browserType.js:62:38)
    at BrowserTypeDispatcher.launch (C:\Users\HARIKR~1.DIL\AppData\Local\Temp\playwright-java-469008206254374460\package\lib\server\dispatchers\browserTypeDispatcher.js:35:40)
    at BrowserTypeDispatcher._handleCommand (C:\Users\HARIKR~1.DIL\AppData\Local\Temp\playwright-java-469008206254374460\package\lib\server\dispatchers\dispatcher.js:94:40)
    at DispatcherConnection.dispatch (C:\Users\HARIKR~1.DIL\AppData\Local\Temp\playwright-java-469008206254374460\package\lib\server\dispatchers\dispatcher.js:361:39)
}
at com.microsoft.playwright.impl.WaitableResult.get(WaitableResult.java:56)
at com.microsoft.playwright.impl.ChannelOwner.runUntil(ChannelOwner.java:120)
at com.microsoft.playwright.impl.Connection.sendMessage(Connection.java:130)
at com.microsoft.playwright.impl.ChannelOwner.sendMessage(ChannelOwner.java:106)
at com.microsoft.playwright.impl.BrowserTypeImpl.launchImpl(BrowserTypeImpl.java:51)
at com.microsoft.playwright.impl.BrowserTypeImpl.lambda$launch$0(BrowserTypeImpl.java:43)
at com.microsoft.playwright.impl.LoggingSupport.withLogging(LoggingSupport.java:47)
at com.microsoft.playwright.impl.ChannelOwner.withLogging(ChannelOwner.java:89)
at com.microsoft.playwright.impl.BrowserTypeImpl.launch(BrowserTypeImpl.java:43)
at com.microsoft.playwright.impl.BrowserTypeImpl.launch(BrowserTypeImpl.java:36)
at com.qa.opencart.factory.PlaywrightFactory.initBrowser(PlaywrightFactory.java:60)
at com.qa.opencart.base.BaseTest.setup(BaseTest.java:32)
at java.base/java.util.concurrent.FutureTask.run(FutureTask.java:317)
at java.base/java.util.concurrent.ThreadPoolExecutor.runWorker(ThreadPoolExecutor.java:1144)
at java.base/java.util.concurrent.ThreadPoolExecutor$Worker.run(ThreadPoolExecutor.java:642)
at java.base/java.lang.Thread.run(Thread.java:1575)
Caused by: com.microsoft.playwright.impl.DriverException: Error {
  message='Connecting to SELENIUM_REMOTE_URL is only supported by Chromium
  name='Error
  stack='Error: Connecting to SELENIUM_REMOTE_URL is only supported by Chromium
    at Firefox._launchWithSeleniumHub (C:\Users\HARIKR~1.DIL\AppData\Local\Temp\playwright-java-469008206254374460\package\lib\server\browserType.js:258:11)
    at C:\Users\HARIKR~1.DIL\AppData\Local\Temp\playwright-java-469008206254374460\package\lib\server\browserType.js:64:39
    at ProgressController.run (C:\Users\HARIKR~1.DIL\AppData\Local\Temp\playwright-java-469008206254374460\package\lib\server\progress.js:81:23)
    at Firefox.launch (C:\Users\HARIKR~1.DIL\AppData\Local\Temp\playwright-java-469008206254374460\package\lib\server\browserType.js:62:38)
    at BrowserTypeDispatcher.launch (C:\Users\HARIKR~1.DIL\AppData\Local\Temp\playwright-java-469008206254374460\package\lib\server\dispatchers\browserTypeDispatcher.js:35:40)
    at BrowserTypeDispatcher._handleCommand (C:\Users\HARIKR~1.DIL\AppData\Local\Temp\playwright-java-469008206254374460\package\lib\server\dispatchers\dispatcher.js:94:40)
    at DispatcherConnection.dispatch (C:\Users\HARIKR~1.DIL\AppData\Local\Temp\playwright-java-469008206254374460\package\lib\server\dispatchers\dispatcher.js:361:39)
}
at com.microsoft.playwright.impl.Connection.dispatch(Connection.java:259)
at com.microsoft.playwright.impl.Connection.processOneMessage(Connection.java:211)
at com.microsoft.playwright.impl.ChannelOwner.runUntil(ChannelOwner.java:118)
... 26 more
... Removed 12 stack frames]]>
    </failure>
  </testcase> <!-- @BeforeTest setup -->
  <testcase classname="com.qa.opencart.base.BaseTest" name="@AfterTest tearDown" time="0.0">
    <skipped/>
  </testcase> <!-- @AfterTest tearDown -->
  <testcase classname="com.qa.opencart.tests.HomePageTests" name="homePageTitleTest" time="0.037"/>
  <testcase classname="com.qa.opencart.tests.HomePageTests" name="homePageURLTest" time="0.0"/>
  <testcase classname="com.qa.opencart.tests.HomePageTests" name="searchTest" time="0.664"/>
  <testcase classname="com.qa.opencart.tests.HomePageTests" name="searchTest" time="0.485"/>
  <testcase classname="com.qa.opencart.tests.HomePageTests" name="searchTest" time="0.568"/>
</testsuite> <!-- Open Cart Home Page Test_chrome -->
