<?xml version="1.0" encoding="UTF-8"?>
<!-- Generated by org.testng.reporters.JUnitXMLReporter -->
<testsuite ignored="0" hostname="Neudesic30CZ444" failures="0" tests="5" name="Open Cart Home Page Test_chromium" time="10.552" errors="0" timestamp="2025-03-23T13:11:57 IST">
  <testcase classname="com.qa.opencart.tests.HomePageTests" name="homePageTitleTest" time="0.049"/>
  <testcase classname="com.qa.opencart.tests.HomePageTests" name="homePageURLTest" time="0.005"/>
  <testcase classname="com.qa.opencart.tests.HomePageTests" name="searchTest" time="0.429"/>
  <testcase classname="com.qa.opencart.tests.HomePageTests" name="searchTest" time="0.388"/>
  <testcase classname="com.qa.opencart.tests.HomePageTests" name="searchTest" time="0.356"/>
</testsuite> <!-- Open Cart Home Page Test_chromium -->
