<?xml version="1.0" encoding="UTF-8"?>
<!-- Generated by org.testng.reporters.JUnitXMLReporter -->
<testsuite ignored="0" hostname="Neudesic30CZ444" failures="1" tests="2" name="Open Cart Home Page Test_edge" time="82730.02" errors="0" timestamp="2025-03-23T12:13:24 IST">
  <testcase classname="com.qa.opencart.tests.HomePageTests" name="homePageTitleTest" time="0.028"/>
  <testcase classname="com.qa.opencart.tests.HomePageTests" name="homePageTitleTest" time="82726.717">
    <failure type="com.microsoft.playwright.impl.TargetClosedError" message="Error {
  message=&amp;apos;Target page, context or browser has been closed
  name=&amp;apos;TargetClosedError
  stack=&amp;apos;TargetClosedError:Target page, context or browser has been closed
Error
    at captureRawStack (C:\Users\HARIKR~1.DIL\AppData\Local\Temp\playwright-java-8735130268422732941\package\lib\utils\stackTrace.js:49:17)
    at LongStandingScope._race (C:\Users\HARIKR~1.DIL\AppData\Local\Temp\playwright-java-8735130268422732941\package\lib\utils\manualPromise.js:91:52)
    at LongStandingScope.race (C:\Users\HARIKR~1.DIL\AppData\Local\Temp\playwright-java-8735130268422732941\package\lib\utils\manualPromise.js:84:17)
    at PageDispatcher._handleCommand (C:\Users\HARIKR~1.DIL\AppData\Local\Temp\playwright-java-8735130268422732941\package\lib\server\dispatchers\dispatcher.js:96:36)
    at DispatcherConnection.dispatch (C:\Users\HARIKR~1.DIL\AppData\Local\Temp\playwright-java-8735130268422732941\package\lib\server\dispatchers\dispatcher.js:361:39)
}
Call log:
- taking page screenshot
- waiting for fonts to load...
- fonts loaded
">
      <![CDATA[com.microsoft.playwright.impl.TargetClosedError: Error {
  message='Target page, context or browser has been closed
  name='TargetClosedError
  stack='TargetClosedError:Target page, context or browser has been closed
Error
    at captureRawStack (C:\Users\HARIKR~1.DIL\AppData\Local\Temp\playwright-java-8735130268422732941\package\lib\utils\stackTrace.js:49:17)
    at LongStandingScope._race (C:\Users\HARIKR~1.DIL\AppData\Local\Temp\playwright-java-8735130268422732941\package\lib\utils\manualPromise.js:91:52)
    at LongStandingScope.race (C:\Users\HARIKR~1.DIL\AppData\Local\Temp\playwright-java-8735130268422732941\package\lib\utils\manualPromise.js:84:17)
    at PageDispatcher._handleCommand (C:\Users\HARIKR~1.DIL\AppData\Local\Temp\playwright-java-8735130268422732941\package\lib\server\dispatchers\dispatcher.js:96:36)
    at DispatcherConnection.dispatch (C:\Users\HARIKR~1.DIL\AppData\Local\Temp\playwright-java-8735130268422732941\package\lib\server\dispatchers\dispatcher.js:361:39)
}
Call log:
- taking page screenshot
- waiting for fonts to load...
- fonts loaded

at com.microsoft.playwright.impl.WaitableResult.get(WaitableResult.java:54)
at com.microsoft.playwright.impl.ChannelOwner.runUntil(ChannelOwner.java:120)
at com.microsoft.playwright.impl.Connection.sendMessage(Connection.java:130)
at com.microsoft.playwright.impl.ChannelOwner.sendMessage(ChannelOwner.java:106)
at com.microsoft.playwright.impl.PageImpl.screenshotImpl(PageImpl.java:1190)
at com.microsoft.playwright.impl.PageImpl.lambda$screenshot$66(PageImpl.java:1134)
at com.microsoft.playwright.impl.LoggingSupport.withLogging(LoggingSupport.java:47)
at com.microsoft.playwright.impl.ChannelOwner.withLogging(ChannelOwner.java:89)
at com.microsoft.playwright.impl.PageImpl.screenshot(PageImpl.java:1134)
at com.qa.opencart.factory.PlaywrightFactory.takeScreenshot(PlaywrightFactory.java:106)
at com.qa.opencart.listeners.ExtentReportListener.onTestSuccess(ExtentReportListener.java:77)
at java.base/java.util.ArrayList.forEach(ArrayList.java:1597)
at java.base/java.util.concurrent.FutureTask.run(FutureTask.java:317)
at java.base/java.util.concurrent.ThreadPoolExecutor.runWorker(ThreadPoolExecutor.java:1144)
at java.base/java.util.concurrent.ThreadPoolExecutor$Worker.run(ThreadPoolExecutor.java:642)
at java.base/java.lang.Thread.run(Thread.java:1570)
Caused by: com.microsoft.playwright.impl.TargetClosedError: Error {
  message='Target page, context or browser has been closed
  name='TargetClosedError
  stack='TargetClosedError:Target page, context or browser has been closed
Error
    at captureRawStack (C:\Users\HARIKR~1.DIL\AppData\Local\Temp\playwright-java-8735130268422732941\package\lib\utils\stackTrace.js:49:17)
    at LongStandingScope._race (C:\Users\HARIKR~1.DIL\AppData\Local\Temp\playwright-java-8735130268422732941\package\lib\utils\manualPromise.js:91:52)
    at LongStandingScope.race (C:\Users\HARIKR~1.DIL\AppData\Local\Temp\playwright-java-8735130268422732941\package\lib\utils\manualPromise.js:84:17)
    at PageDispatcher._handleCommand (C:\Users\HARIKR~1.DIL\AppData\Local\Temp\playwright-java-8735130268422732941\package\lib\server\dispatchers\dispatcher.js:96:36)
    at DispatcherConnection.dispatch (C:\Users\HARIKR~1.DIL\AppData\Local\Temp\playwright-java-8735130268422732941\package\lib\server\dispatchers\dispatcher.js:361:39)
}
Call log:
- taking page screenshot
- waiting for fonts to load...
- fonts loaded

at com.microsoft.playwright.impl.Connection.dispatch(Connection.java:256)
at com.microsoft.playwright.impl.Connection.processOneMessage(Connection.java:211)
at com.microsoft.playwright.impl.ChannelOwner.runUntil(ChannelOwner.java:118)
... 29 more
... Removed 15 stack frames]]>
    </failure>
  </testcase> <!-- homePageTitleTest -->
</testsuite> <!-- Open Cart Home Page Test_edge -->
