<?xml version="1.0" encoding="UTF-8"?>
<!-- Generated by org.testng.reporters.JUnitXMLReporter -->
<testsuite ignored="0" hostname="Neudesic30CZ444" failures="0" tests="5" name="Open Cart Home Page Test_edge" time="10.607" errors="0" timestamp="2025-03-22T23:02:19 IST">
  <testcase classname="com.qa.opencart.tests.HomePageTests" name="homePageTitleTest" time="0.021"/>
  <testcase classname="com.qa.opencart.tests.HomePageTests" name="homePageURLTest" time="0.003"/>
  <testcase classname="com.qa.opencart.tests.HomePageTests" name="searchTest" time="0.469"/>
  <testcase classname="com.qa.opencart.tests.HomePageTests" name="searchTest" time="0.399"/>
  <testcase classname="com.qa.opencart.tests.HomePageTests" name="searchTest" time="0.402"/>
</testsuite> <!-- Open Cart Home Page Test_edge -->
