<?xml version="1.0" encoding="UTF-8"?>
<!-- Generated by org.testng.reporters.JUnitXMLReporter -->
<testsuite ignored="0" hostname="Neudesic30CZ444" failures="0" tests="5" name="Open Cart Home Page Test_chrome" time="11.016" errors="0" timestamp="2025-03-23T13:11:58 IST">
  <testcase classname="com.qa.opencart.tests.HomePageTests" name="homePageTitleTest" time="0.012"/>
  <testcase classname="com.qa.opencart.tests.HomePageTests" name="homePageURLTest" time="0.002"/>
  <testcase classname="com.qa.opencart.tests.HomePageTests" name="searchTest" time="0.416"/>
  <testcase classname="com.qa.opencart.tests.HomePageTests" name="searchTest" time="0.345"/>
  <testcase classname="com.qa.opencart.tests.HomePageTests" name="searchTest" time="0.339"/>
</testsuite> <!-- Open Cart Home Page Test_chrome -->
