<?xml version="1.0" encoding="UTF-8"?>
<!-- Generated by org.testng.reporters.JUnitXMLReporter -->
<testsuite ignored="0" hostname="Neudesic30CZ444" failures="0" tests="5" name="Open Cart Home Page Test_chrome" time="11.147" errors="0" timestamp="2025-03-22T16:52:01 IST">
  <testcase classname="com.qa.opencart.tests.HomePageTests" name="homePageTitleTest" time="0.079"/>
  <testcase classname="com.qa.opencart.tests.HomePageTests" name="homePageURLTest" time="0.002"/>
  <testcase classname="com.qa.opencart.tests.HomePageTests" name="searchTest" time="0.424"/>
  <testcase classname="com.qa.opencart.tests.HomePageTests" name="searchTest" time="0.412"/>
  <testcase classname="com.qa.opencart.tests.HomePageTests" name="searchTest" time="0.441"/>
</testsuite> <!-- Open Cart Home Page Test_chrome -->
