<?xml version="1.0" encoding="UTF-8"?>
<!-- Generated by org.testng.reporters.JUnitXMLReporter -->
<testsuite ignored="0" hostname="Neudesic30CZ444" failures="0" tests="3" name="Open Cart Login Page Test_Egde" time="15.874" errors="0" timestamp="2025-03-23T13:12:03 IST">
  <testcase classname="com.qa.opencart.tests.LoginPageTests" name="loginPageNavigationTest" time="0.584"/>
  <testcase classname="com.qa.opencart.tests.LoginPageTests" name="forgotPwdLinkExistTest" time="0.012"/>
  <testcase classname="com.qa.opencart.tests.LoginPageTests" name="appLoginTest" time="0.99"/>
</testsuite> <!-- Open Cart Login Page Test_Egde -->
