<?xml version="1.0" encoding="UTF-8"?>
<!-- Generated by org.testng.reporters.JUnitXMLReporter -->
<testsuite ignored="0" hostname="Neudesic30CZ444" failures="1" tests="3" name="Open Cart Login Page Test_firefox" time="13.731" errors="0" timestamp="2025-03-22T23:02:22 IST">
  <testcase classname="com.qa.opencart.tests.LoginPageTests" name="loginPageNavigationTest" time="0.583"/>
  <testcase classname="com.qa.opencart.tests.LoginPageTests" name="forgotPwdLinkExistTest" time="0.017"/>
  <testcase classname="com.qa.opencart.tests.LoginPageTests" name="appLoginTest" time="0.722">
    <failure type="java.lang.AssertionError" message="Wasnt able to login expected [true] but found [false]">
      <![CDATA[java.lang.AssertionError: Wasnt able to login expected [true] but found [false]
at com.qa.opencart.tests.LoginPageTests.appLoginTest(LoginPageTests.java:27)
at java.base/java.util.ArrayList.forEach(ArrayList.java:1597)
at java.base/java.util.concurrent.FutureTask.run(FutureTask.java:317)
at java.base/java.util.concurrent.ThreadPoolExecutor.runWorker(ThreadPoolExecutor.java:1144)
at java.base/java.util.concurrent.ThreadPoolExecutor$Worker.run(ThreadPoolExecutor.java:642)
at java.base/java.lang.Thread.run(Thread.java:1570)
... Removed 19 stack frames]]>
    </failure>
  </testcase> <!-- appLoginTest -->
</testsuite> <!-- Open Cart Login Page Test_firefox -->
