<?xml version="1.0" encoding="UTF-8"?>
<!-- Generated by org.testng.reporters.JUnitXMLReporter -->
<testsuite ignored="0" hostname="Neudesic30CZ444" failures="0" tests="5" name="Open Cart Home Page Test" time="9.55" errors="0" timestamp="2025-03-20T23:24:07 IST">
  <testcase classname="com.qa.opencart.tests.HomePageTests" name="homePageTitleTest" time="0.037"/>
  <testcase classname="com.qa.opencart.tests.HomePageTests" name="homePageURLTest" time="0.003"/>
  <testcase classname="com.qa.opencart.tests.HomePageTests" name="searchTest" time="0.37"/>
  <testcase classname="com.qa.opencart.tests.HomePageTests" name="searchTest" time="0.389"/>
  <testcase classname="com.qa.opencart.tests.HomePageTests" name="searchTest" time="0.316"/>
</testsuite> <!-- Open Cart Home Page Test -->
