<?xml version="1.0" encoding="UTF-8"?>
<testng-results ignored="0" total="13" passed="13" failed="0" skipped="0">
  <reporter-output>
  </reporter-output>
  <suite started-at="2025-03-22T16:50:09 IST" name="Open Cart Test Regression PW Suite" finished-at="2025-03-22T16:50:20 IST" duration-ms="11380">
    <groups>
    </groups>
    <test started-at="2025-03-22T16:50:09 IST" name="Open Cart Login Page Test_chromium" finished-at="2025-03-22T16:50:18 IST" duration-ms="9761">
      <class name="com.qa.opencart.tests.LoginPageTests">
        <test-method is-config="true" signature="setup(java.lang.String)[pri:0, instance:com.qa.opencart.tests.LoginPageTests@38145825]" started-at="2025-03-22T16:50:09 IST" name="setup" finished-at="2025-03-22T16:50:15 IST" duration-ms="6581" status="PASS">
          <params>
            <param index="0">
              <value>
                <![CDATA[edge]]>
              </value>
            </param>
          </params>
          <reporter-output>
          </reporter-output>
        </test-method> <!-- setup -->
        <test-method signature="loginPageNavigationTest()[pri:1, instance:com.qa.opencart.tests.LoginPageTests@38145825]" started-at="2025-03-22T16:50:15 IST" name="loginPageNavigationTest" finished-at="2025-03-22T16:50:16 IST" duration-ms="543" status="PASS">
          <reporter-output>
          </reporter-output>
        </test-method> <!-- loginPageNavigationTest -->
        <test-method signature="forgotPwdLinkExistTest()[pri:2, instance:com.qa.opencart.tests.LoginPageTests@38145825]" started-at="2025-03-22T16:50:16 IST" name="forgotPwdLinkExistTest" finished-at="2025-03-22T16:50:16 IST" duration-ms="12" status="PASS">
          <reporter-output>
          </reporter-output>
        </test-method> <!-- forgotPwdLinkExistTest -->
        <test-method signature="appLoginTest()[pri:3, instance:com.qa.opencart.tests.LoginPageTests@38145825]" started-at="2025-03-22T16:50:16 IST" name="appLoginTest" finished-at="2025-03-22T16:50:17 IST" duration-ms="709" status="PASS">
          <reporter-output>
          </reporter-output>
        </test-method> <!-- appLoginTest -->
        <test-method is-config="true" signature="tearDown()[pri:0, instance:com.qa.opencart.tests.LoginPageTests@38145825]" started-at="2025-03-22T16:50:17 IST" name="tearDown" finished-at="2025-03-22T16:50:18 IST" duration-ms="1117" status="PASS">
          <reporter-output>
          </reporter-output>
        </test-method> <!-- tearDown -->
      </class> <!-- com.qa.opencart.tests.LoginPageTests -->
    </test> <!-- Open Cart Login Page Test_chromium -->
    <test started-at="2025-03-22T16:50:09 IST" name="Open Cart Home Page Test_edge" finished-at="2025-03-22T16:50:18 IST" duration-ms="9935">
      <class name="com.qa.opencart.tests.HomePageTests">
        <test-method is-config="true" signature="setup(java.lang.String)[pri:0, instance:com.qa.opencart.tests.HomePageTests@14bdbc74]" started-at="2025-03-22T16:50:09 IST" name="setup" finished-at="2025-03-22T16:50:15 IST" duration-ms="6371" status="PASS">
          <params>
            <param index="0">
              <value>
                <![CDATA[chromium]]>
              </value>
            </param>
          </params>
          <reporter-output>
          </reporter-output>
        </test-method> <!-- setup -->
        <test-method signature="homePageTitleTest()[pri:0, instance:com.qa.opencart.tests.HomePageTests@14bdbc74]" started-at="2025-03-22T16:50:15 IST" name="homePageTitleTest" finished-at="2025-03-22T16:50:15 IST" duration-ms="39" status="PASS">
          <reporter-output>
          </reporter-output>
        </test-method> <!-- homePageTitleTest -->
        <test-method signature="homePageURLTest()[pri:0, instance:com.qa.opencart.tests.HomePageTests@14bdbc74]" started-at="2025-03-22T16:50:15 IST" name="homePageURLTest" finished-at="2025-03-22T16:50:15 IST" duration-ms="1" status="PASS">
          <reporter-output>
          </reporter-output>
        </test-method> <!-- homePageURLTest -->
        <test-method signature="searchTest(java.lang.String)[pri:0, instance:com.qa.opencart.tests.HomePageTests@14bdbc74]" started-at="2025-03-22T16:50:16 IST" name="searchTest" data-provider="getProductData" finished-at="2025-03-22T16:50:17 IST" duration-ms="654" status="PASS">
          <params>
            <param index="0">
              <value>
                <![CDATA[Macbook]]>
              </value>
            </param>
          </params>
          <reporter-output>
          </reporter-output>
        </test-method> <!-- searchTest -->
        <test-method signature="searchTest(java.lang.String)[pri:0, instance:com.qa.opencart.tests.HomePageTests@14bdbc74]" started-at="2025-03-22T16:50:17 IST" name="searchTest" data-provider="getProductData" finished-at="2025-03-22T16:50:17 IST" duration-ms="454" status="PASS">
          <params>
            <param index="0">
              <value>
                <![CDATA[iMac]]>
              </value>
            </param>
          </params>
          <reporter-output>
          </reporter-output>
        </test-method> <!-- searchTest -->
        <test-method signature="searchTest(java.lang.String)[pri:0, instance:com.qa.opencart.tests.HomePageTests@14bdbc74]" started-at="2025-03-22T16:50:18 IST" name="searchTest" data-provider="getProductData" finished-at="2025-03-22T16:50:18 IST" duration-ms="478" status="PASS">
          <params>
            <param index="0">
              <value>
                <![CDATA[Samsung]]>
              </value>
            </param>
          </params>
          <reporter-output>
          </reporter-output>
        </test-method> <!-- searchTest -->
        <test-method is-config="true" signature="tearDown()[pri:0, instance:com.qa.opencart.tests.HomePageTests@14bdbc74]" started-at="2025-03-22T16:50:18 IST" name="tearDown" finished-at="2025-03-22T16:50:18 IST" duration-ms="104" status="PASS">
          <reporter-output>
          </reporter-output>
        </test-method> <!-- tearDown -->
      </class> <!-- com.qa.opencart.tests.HomePageTests -->
    </test> <!-- Open Cart Home Page Test_edge -->
    <test started-at="2025-03-22T16:50:09 IST" name="Open Cart Home Page Test_chrome" finished-at="2025-03-22T16:50:20 IST" duration-ms="11380">
      <class name="com.qa.opencart.tests.HomePageTests">
        <test-method is-config="true" signature="setup(java.lang.String)[pri:0, instance:com.qa.opencart.tests.HomePageTests@33ecda92]" started-at="2025-03-22T16:50:09 IST" name="setup" finished-at="2025-03-22T16:50:15 IST" duration-ms="6839" status="PASS">
          <params>
            <param index="0">
              <value>
                <![CDATA[chrome]]>
              </value>
            </param>
          </params>
          <reporter-output>
          </reporter-output>
        </test-method> <!-- setup -->
        <test-method signature="homePageTitleTest()[pri:0, instance:com.qa.opencart.tests.HomePageTests@33ecda92]" started-at="2025-03-22T16:50:15 IST" name="homePageTitleTest" finished-at="2025-03-22T16:50:15 IST" duration-ms="33" status="PASS">
          <reporter-output>
          </reporter-output>
        </test-method> <!-- homePageTitleTest -->
        <test-method signature="homePageURLTest()[pri:0, instance:com.qa.opencart.tests.HomePageTests@33ecda92]" started-at="2025-03-22T16:50:16 IST" name="homePageURLTest" finished-at="2025-03-22T16:50:16 IST" duration-ms="1" status="PASS">
          <reporter-output>
          </reporter-output>
        </test-method> <!-- homePageURLTest -->
        <test-method signature="searchTest(java.lang.String)[pri:0, instance:com.qa.opencart.tests.HomePageTests@33ecda92]" started-at="2025-03-22T16:50:16 IST" name="searchTest" data-provider="getProductData" finished-at="2025-03-22T16:50:17 IST" duration-ms="582" status="PASS">
          <params>
            <param index="0">
              <value>
                <![CDATA[Macbook]]>
              </value>
            </param>
          </params>
          <reporter-output>
          </reporter-output>
        </test-method> <!-- searchTest -->
        <test-method signature="searchTest(java.lang.String)[pri:0, instance:com.qa.opencart.tests.HomePageTests@33ecda92]" started-at="2025-03-22T16:50:17 IST" name="searchTest" data-provider="getProductData" finished-at="2025-03-22T16:50:18 IST" duration-ms="524" status="PASS">
          <params>
            <param index="0">
              <value>
                <![CDATA[iMac]]>
              </value>
            </param>
          </params>
          <reporter-output>
          </reporter-output>
        </test-method> <!-- searchTest -->
        <test-method signature="searchTest(java.lang.String)[pri:0, instance:com.qa.opencart.tests.HomePageTests@33ecda92]" started-at="2025-03-22T16:50:18 IST" name="searchTest" data-provider="getProductData" finished-at="2025-03-22T16:50:18 IST" duration-ms="533" status="PASS">
          <params>
            <param index="0">
              <value>
                <![CDATA[Samsung]]>
              </value>
            </param>
          </params>
          <reporter-output>
          </reporter-output>
        </test-method> <!-- searchTest -->
        <test-method is-config="true" signature="tearDown()[pri:0, instance:com.qa.opencart.tests.HomePageTests@33ecda92]" started-at="2025-03-22T16:50:19 IST" name="tearDown" finished-at="2025-03-22T16:50:20 IST" duration-ms="1137" status="PASS">
          <reporter-output>
          </reporter-output>
        </test-method> <!-- tearDown -->
      </class> <!-- com.qa.opencart.tests.HomePageTests -->
    </test> <!-- Open Cart Home Page Test_chrome -->
  </suite> <!-- Open Cart Test Regression PW Suite -->
</testng-results>
