<?xml version="1.0" encoding="UTF-8"?>
<testsuite xmlns:xsi="http://www.w3.org/2001/XMLSchema-instance" xsi:noNamespaceSchemaLocation="https://maven.apache.org/surefire/maven-surefire-plugin/xsd/surefire-test-report.xsd" version="3.0.1" name="TestSuite" time="12.177" tests="15" errors="0" skipped="1" failures="1">
  <properties>
[...]
</properties>
  <testcase name="setup[firefox](0)" classname="com.qa.opencart.tests.LoginPageTests" time="3.014">
    <failure message="Error {&#10;  message=&apos;Connecting to SELENIUM_REMOTE_URL is only supported by Chromium&#10;  name=&apos;Error&#10;  stack=&apos;Error: Connecting to SELENIUM_REMOTE_URL is only supported by Chromium&#10;    at Firefox._launchWithSeleniumHub (C:\Users\HARIKR~1.DIL\AppData\Local\Temp\playwright-java-7521013636734447125\package\lib\server\browserType.js:258:11)&#10;    at C:\Users\HARIKR~1.DIL\AppData\Local\Temp\playwright-java-7521013636734447125\package\lib\server\browserType.js:64:39&#10;    at ProgressController.run (C:\Users\HARIKR~1.DIL\AppData\Local\Temp\playwright-java-7521013636734447125\package\lib\server\progress.js:81:23)&#10;    at Firefox.launch (C:\Users\HARIKR~1.DIL\AppData\Local\Temp\playwright-java-7521013636734447125\package\lib\server\browserType.js:62:38)&#10;    at BrowserTypeDispatcher.launch (C:\Users\HARIKR~1.DIL\AppData\Local\Temp\playwright-java-7521013636734447125\package\lib\server\dispatchers\browserTypeDispatcher.js:35:40)&#10;    at BrowserTypeDispatcher._handleCommand (C:\Users\HARIKR~1.DIL\AppData\Local\Temp\playwright-java-7521013636734447125\package\lib\server\dispatchers\dispatcher.js:94:40)&#10;    at DispatcherConnection.dispatch (C:\Users\HARIKR~1.DIL\AppData\Local\Temp\playwright-java-7521013636734447125\package\lib\server\dispatchers\dispatcher.js:361:39)&#10;}" type="com.microsoft.playwright.PlaywrightException"><![CDATA[com.microsoft.playwright.PlaywrightException: 
Error {
  message='Connecting to SELENIUM_REMOTE_URL is only supported by Chromium
  name='Error
  stack='Error: Connecting to SELENIUM_REMOTE_URL is only supported by Chromium
    at Firefox._launchWithSeleniumHub (C:\Users\HARIKR~1.DIL\AppData\Local\Temp\playwright-java-7521013636734447125\package\lib\server\browserType.js:258:11)
    at C:\Users\HARIKR~1.DIL\AppData\Local\Temp\playwright-java-7521013636734447125\package\lib\server\browserType.js:64:39
    at ProgressController.run (C:\Users\HARIKR~1.DIL\AppData\Local\Temp\playwright-java-7521013636734447125\package\lib\server\progress.js:81:23)
    at Firefox.launch (C:\Users\HARIKR~1.DIL\AppData\Local\Temp\playwright-java-7521013636734447125\package\lib\server\browserType.js:62:38)
    at BrowserTypeDispatcher.launch (C:\Users\HARIKR~1.DIL\AppData\Local\Temp\playwright-java-7521013636734447125\package\lib\server\dispatchers\browserTypeDispatcher.js:35:40)
    at BrowserTypeDispatcher._handleCommand (C:\Users\HARIKR~1.DIL\AppData\Local\Temp\playwright-java-7521013636734447125\package\lib\server\dispatchers\dispatcher.js:94:40)
    at DispatcherConnection.dispatch (C:\Users\HARIKR~1.DIL\AppData\Local\Temp\playwright-java-7521013636734447125\package\lib\server\dispatchers\dispatcher.js:361:39)
}
	at com.microsoft.playwright.impl.WaitableResult.get(WaitableResult.java:56)
	at com.microsoft.playwright.impl.ChannelOwner.runUntil(ChannelOwner.java:120)
	at com.microsoft.playwright.impl.Connection.sendMessage(Connection.java:130)
	at com.microsoft.playwright.impl.ChannelOwner.sendMessage(ChannelOwner.java:106)
	at com.microsoft.playwright.impl.BrowserTypeImpl.launchImpl(BrowserTypeImpl.java:51)
	at com.microsoft.playwright.impl.BrowserTypeImpl.lambda$launch$0(BrowserTypeImpl.java:43)
	at com.microsoft.playwright.impl.LoggingSupport.withLogging(LoggingSupport.java:47)
	at com.microsoft.playwright.impl.ChannelOwner.withLogging(ChannelOwner.java:89)
	at com.microsoft.playwright.impl.BrowserTypeImpl.launch(BrowserTypeImpl.java:43)
	at com.microsoft.playwright.impl.BrowserTypeImpl.launch(BrowserTypeImpl.java:36)
	at com.qa.opencart.factory.PlaywrightFactory.initBrowser(PlaywrightFactory.java:60)
	at com.qa.opencart.base.BaseTest.setup(BaseTest.java:32)
	at java.base/jdk.internal.reflect.DirectMethodHandleAccessor.invoke(DirectMethodHandleAccessor.java:103)
	at java.base/java.lang.reflect.Method.invoke(Method.java:580)
	at org.testng.internal.invokers.MethodInvocationHelper.invokeMethod(MethodInvocationHelper.java:141)
	at org.testng.internal.invokers.MethodInvocationHelper.invokeMethodConsideringTimeout(MethodInvocationHelper.java:71)
	at org.testng.internal.invokers.ConfigInvoker.invokeConfigurationMethod(ConfigInvoker.java:400)
	at org.testng.internal.invokers.ConfigInvoker.invokeConfigurations(ConfigInvoker.java:333)
	at org.testng.TestRunner.invokeTestConfigurations(TestRunner.java:657)
	at org.testng.TestRunner.beforeRun(TestRunner.java:646)
	at org.testng.TestRunner.run(TestRunner.java:612)
	at org.testng.SuiteRunner.runTest(SuiteRunner.java:421)
	at org.testng.SuiteRunner$SuiteWorker.run(SuiteRunner.java:463)
	at org.testng.internal.thread.ThreadUtil.lambda$execute$0(ThreadUtil.java:64)
	at java.base/java.util.concurrent.FutureTask.run(FutureTask.java:317)
	at java.base/java.util.concurrent.ThreadPoolExecutor.runWorker(ThreadPoolExecutor.java:1144)
	at java.base/java.util.concurrent.ThreadPoolExecutor$Worker.run(ThreadPoolExecutor.java:642)
	at java.base/java.lang.Thread.run(Thread.java:1575)
Caused by: com.microsoft.playwright.impl.DriverException: Error {
  message='Connecting to SELENIUM_REMOTE_URL is only supported by Chromium
  name='Error
  stack='Error: Connecting to SELENIUM_REMOTE_URL is only supported by Chromium
    at Firefox._launchWithSeleniumHub (C:\Users\HARIKR~1.DIL\AppData\Local\Temp\playwright-java-7521013636734447125\package\lib\server\browserType.js:258:11)
    at C:\Users\HARIKR~1.DIL\AppData\Local\Temp\playwright-java-7521013636734447125\package\lib\server\browserType.js:64:39
    at ProgressController.run (C:\Users\HARIKR~1.DIL\AppData\Local\Temp\playwright-java-7521013636734447125\package\lib\server\progress.js:81:23)
    at Firefox.launch (C:\Users\HARIKR~1.DIL\AppData\Local\Temp\playwright-java-7521013636734447125\package\lib\server\browserType.js:62:38)
    at BrowserTypeDispatcher.launch (C:\Users\HARIKR~1.DIL\AppData\Local\Temp\playwright-java-7521013636734447125\package\lib\server\dispatchers\browserTypeDispatcher.js:35:40)
    at BrowserTypeDispatcher._handleCommand (C:\Users\HARIKR~1.DIL\AppData\Local\Temp\playwright-java-7521013636734447125\package\lib\server\dispatchers\dispatcher.js:94:40)
    at DispatcherConnection.dispatch (C:\Users\HARIKR~1.DIL\AppData\Local\Temp\playwright-java-7521013636734447125\package\lib\server\dispatchers\dispatcher.js:361:39)
}
	at com.microsoft.playwright.impl.Connection.dispatch(Connection.java:259)
	at com.microsoft.playwright.impl.Connection.processOneMessage(Connection.java:211)
	at com.microsoft.playwright.impl.ChannelOwner.runUntil(ChannelOwner.java:118)
	... 26 more
]]></failure>
    <system-out><![CDATA[Test Suite Started
Test Suite Started
Test Suite Started
Test Suite Started
Browser name is: chromium
Browser name is: edge
Browser name is: chrome
Browser name is: firefox
]]></system-out>
    <system-err><![CDATA[SLF4J(W): No SLF4J providers were found.
SLF4J(W): Defaulting to no-operation (NOP) logger implementation
SLF4J(W): See https://www.slf4j.org/codes.html#noProviders for further details.
]]></system-err>
  </testcase>
  <testcase name="tearDown" classname="com.qa.opencart.tests.LoginPageTests" time="0.0">
    <skipped/>
    <system-out><![CDATA[loginPageNavigationTest started!
loginPageNavigationTest skipped!
loginPageNavigationTest failed!
]]></system-out>
  </testcase>
  <testcase name="loginPageNavigationTest" classname="com.qa.opencart.tests.LoginPageTests" time="0.092">
    <system-out><![CDATA[homePageURLTest started!
Page URL is: https://naveenautomationlabs.com/opencart/
homePageURLTest passed!
]]></system-out>
  </testcase>
  <testcase name="forgotPwdLinkExistTest" classname="com.qa.opencart.tests.LoginPageTests" time="0.247">
    <system-out><![CDATA[forgotPwdLinkExistTest started!
forgotPwdLinkExistTest passed!
]]></system-out>
  </testcase>
  <testcase name="appLoginTest" classname="com.qa.opencart.tests.LoginPageTests" time="0.306">
    <system-out><![CDATA[searchTest started!
User is logged in successfully
appLoginTest passed!
]]></system-out>
  </testcase>
  <testcase name="homePageTitleTest" classname="com.qa.opencart.tests.HomePageTests" time="0.076">
    <system-out><![CDATA[Test suite is ending
Please enter correct browser name
Please enter correct browser name
homePageTitleTest started!
Page title is: Your Store
homePageTitleTest passed!
loginPageNavigationTest started!
homePageTitleTest started!
Page title is: Your Store
homePageTitleTest passed!
]]></system-out>
  </testcase>
  <testcase name="homePageTitleTest" classname="com.qa.opencart.tests.HomePageTests" time="0.009">
    <system-out><![CDATA[searchTest started!
]]></system-out>
  </testcase>
  <testcase name="homePageURLTest" classname="com.qa.opencart.tests.HomePageTests" time="0.415">
    <system-out><![CDATA[homePageURLTest started!
Page URL is: https://naveenautomationlabs.com/opencart/
homePageURLTest passed!
Actual Title: Account Login
loginPageNavigationTest passed!
]]></system-out>
  </testcase>
  <testcase name="homePageURLTest" classname="com.qa.opencart.tests.HomePageTests" time="0.035">
    <system-out><![CDATA[appLoginTest started!
]]></system-out>
  </testcase>
  <testcase name="searchTest[Macbook](1)" classname="com.qa.opencart.tests.HomePageTests" time="0.591">
    <system-out><![CDATA[searchTest started!
Search Text: Search - Macbook
searchTest passed!
Search Text: Search - Macbook
searchTest passed!
]]></system-out>
  </testcase>
  <testcase name="searchTest[Macbook](1)" classname="com.qa.opencart.tests.HomePageTests" time="0.326"/>
  <testcase name="searchTest[iMac](2)" classname="com.qa.opencart.tests.HomePageTests" time="0.401">
    <system-out><![CDATA[searchTest started!
Search Text: Search - iMac
searchTest passed!
]]></system-out>
  </testcase>
  <testcase name="searchTest[iMac](2)" classname="com.qa.opencart.tests.HomePageTests" time="0.373">
    <system-out><![CDATA[searchTest started!
Search Text: Search - iMac
searchTest passed!
]]></system-out>
  </testcase>
  <testcase name="searchTest[Samsung](3)" classname="com.qa.opencart.tests.HomePageTests" time="0.389">
    <system-out><![CDATA[searchTest started!
Search Text: Search - Samsung
searchTest passed!
Test suite is ending
]]></system-out>
  </testcase>
  <testcase name="searchTest[Samsung](3)" classname="com.qa.opencart.tests.HomePageTests" time="0.8">
    <system-out><![CDATA[Test suite is ending
Search Text: Search - Samsung
searchTest passed!
]]></system-out>
  </testcase>
</testsuite>