-------------------------------------------------------------------------------
Test set: TestSuite
-------------------------------------------------------------------------------
Tests run: 15, Failures: 1, Errors: 0, Skipped: 1, Time elapsed: 12.18 s <<< FAILURE! -- in TestSuite
com.qa.opencart.tests.LoginPageTests.setup[firefox](0) -- Time elapsed: 3.014 s <<< FAILURE!
com.microsoft.playwright.PlaywrightException: 
Error {
  message='Connecting to SELENIUM_REMOTE_URL is only supported by Chromium
  name='Error
  stack='Error: Connecting to SELENIUM_REMOTE_URL is only supported by Chromium
    at Firefox._launchWithSeleniumHub (C:\Users\HARIKR~1.DIL\AppData\Local\Temp\playwright-java-7521013636734447125\package\lib\server\browserType.js:258:11)
    at C:\Users\HARIKR~1.DIL\AppData\Local\Temp\playwright-java-7521013636734447125\package\lib\server\browserType.js:64:39
    at ProgressController.run (C:\Users\HARIKR~1.DIL\AppData\Local\Temp\playwright-java-7521013636734447125\package\lib\server\progress.js:81:23)
    at Firefox.launch (C:\Users\HARIKR~1.DIL\AppData\Local\Temp\playwright-java-7521013636734447125\package\lib\server\browserType.js:62:38)
    at BrowserTypeDispatcher.launch (C:\Users\HARIKR~1.DIL\AppData\Local\Temp\playwright-java-7521013636734447125\package\lib\server\dispatchers\browserTypeDispatcher.js:35:40)
    at BrowserTypeDispatcher._handleCommand (C:\Users\HARIKR~1.DIL\AppData\Local\Temp\playwright-java-7521013636734447125\package\lib\server\dispatchers\dispatcher.js:94:40)
    at DispatcherConnection.dispatch (C:\Users\HARIKR~1.DIL\AppData\Local\Temp\playwright-java-7521013636734447125\package\lib\server\dispatchers\dispatcher.js:361:39)
}
	at com.microsoft.playwright.impl.WaitableResult.get(WaitableResult.java:56)
	at com.microsoft.playwright.impl.ChannelOwner.runUntil(ChannelOwner.java:120)
	at com.microsoft.playwright.impl.Connection.sendMessage(Connection.java:130)
	at com.microsoft.playwright.impl.ChannelOwner.sendMessage(ChannelOwner.java:106)
	at com.microsoft.playwright.impl.BrowserTypeImpl.launchImpl(BrowserTypeImpl.java:51)
	at com.microsoft.playwright.impl.BrowserTypeImpl.lambda$launch$0(BrowserTypeImpl.java:43)
	at com.microsoft.playwright.impl.LoggingSupport.withLogging(LoggingSupport.java:47)
	at com.microsoft.playwright.impl.ChannelOwner.withLogging(ChannelOwner.java:89)
	at com.microsoft.playwright.impl.BrowserTypeImpl.launch(BrowserTypeImpl.java:43)
	at com.microsoft.playwright.impl.BrowserTypeImpl.launch(BrowserTypeImpl.java:36)
	at com.qa.opencart.factory.PlaywrightFactory.initBrowser(PlaywrightFactory.java:60)
	at com.qa.opencart.base.BaseTest.setup(BaseTest.java:32)
	at java.base/jdk.internal.reflect.DirectMethodHandleAccessor.invoke(DirectMethodHandleAccessor.java:103)
	at java.base/java.lang.reflect.Method.invoke(Method.java:580)
	at org.testng.internal.invokers.MethodInvocationHelper.invokeMethod(MethodInvocationHelper.java:141)
	at org.testng.internal.invokers.MethodInvocationHelper.invokeMethodConsideringTimeout(MethodInvocationHelper.java:71)
	at org.testng.internal.invokers.ConfigInvoker.invokeConfigurationMethod(ConfigInvoker.java:400)
	at org.testng.internal.invokers.ConfigInvoker.invokeConfigurations(ConfigInvoker.java:333)
	at org.testng.TestRunner.invokeTestConfigurations(TestRunner.java:657)
	at org.testng.TestRunner.beforeRun(TestRunner.java:646)
	at org.testng.TestRunner.run(TestRunner.java:612)
	at org.testng.SuiteRunner.runTest(SuiteRunner.java:421)
	at org.testng.SuiteRunner$SuiteWorker.run(SuiteRunner.java:463)
	at org.testng.internal.thread.ThreadUtil.lambda$execute$0(ThreadUtil.java:64)
	at java.base/java.util.concurrent.FutureTask.run(FutureTask.java:317)
	at java.base/java.util.concurrent.ThreadPoolExecutor.runWorker(ThreadPoolExecutor.java:1144)
	at java.base/java.util.concurrent.ThreadPoolExecutor$Worker.run(ThreadPoolExecutor.java:642)
	at java.base/java.lang.Thread.run(Thread.java:1575)
Caused by: com.microsoft.playwright.impl.DriverException: Error {
  message='Connecting to SELENIUM_REMOTE_URL is only supported by Chromium
  name='Error
  stack='Error: Connecting to SELENIUM_REMOTE_URL is only supported by Chromium
    at Firefox._launchWithSeleniumHub (C:\Users\HARIKR~1.DIL\AppData\Local\Temp\playwright-java-7521013636734447125\package\lib\server\browserType.js:258:11)
    at C:\Users\HARIKR~1.DIL\AppData\Local\Temp\playwright-java-7521013636734447125\package\lib\server\browserType.js:64:39
    at ProgressController.run (C:\Users\HARIKR~1.DIL\AppData\Local\Temp\playwright-java-7521013636734447125\package\lib\server\progress.js:81:23)
    at Firefox.launch (C:\Users\HARIKR~1.DIL\AppData\Local\Temp\playwright-java-7521013636734447125\package\lib\server\browserType.js:62:38)
    at BrowserTypeDispatcher.launch (C:\Users\HARIKR~1.DIL\AppData\Local\Temp\playwright-java-7521013636734447125\package\lib\server\dispatchers\browserTypeDispatcher.js:35:40)
    at BrowserTypeDispatcher._handleCommand (C:\Users\HARIKR~1.DIL\AppData\Local\Temp\playwright-java-7521013636734447125\package\lib\server\dispatchers\dispatcher.js:94:40)
    at DispatcherConnection.dispatch (C:\Users\HARIKR~1.DIL\AppData\Local\Temp\playwright-java-7521013636734447125\package\lib\server\dispatchers\dispatcher.js:361:39)
}
	at com.microsoft.playwright.impl.Connection.dispatch(Connection.java:259)
	at com.microsoft.playwright.impl.Connection.processOneMessage(Connection.java:211)
	at com.microsoft.playwright.impl.ChannelOwner.runUntil(ChannelOwner.java:118)
	... 26 more

