<?xml version="1.0" encoding="UTF-8"?>
<testng-results ignored="0" total="16" passed="15" failed="1" skipped="0">
  <reporter-output>
  </reporter-output>
  <suite started-at="2025-03-22T23:02:08 IST" name="Open Cart Test Regression PW Suite" finished-at="2025-03-22T23:02:22 IST" duration-ms="13731">
    <groups>
    </groups>
    <test started-at="2025-03-22T23:02:08 IST" name="Open Cart Login Page Test_chromium" finished-at="2025-03-22T23:02:17 IST" duration-ms="9382">
      <class name="com.qa.opencart.tests.LoginPageTests">
        <test-method is-config="true" signature="setup(java.lang.String)[pri:0, instance:com.qa.opencart.tests.LoginPageTests@3ad2e17]" started-at="2025-03-22T23:02:08 IST" name="setup" finished-at="2025-03-22T23:02:15 IST" duration-ms="6889" status="PASS">
          <params>
            <param index="0">
              <value>
                <![CDATA[edge]]>
              </value>
            </param>
          </params>
          <reporter-output>
          </reporter-output>
        </test-method> <!-- setup -->
        <test-method signature="loginPageNavigationTest()[pri:1, instance:com.qa.opencart.tests.LoginPageTests@3ad2e17]" started-at="2025-03-22T23:02:15 IST" name="loginPageNavigationTest" finished-at="2025-03-22T23:02:16 IST" duration-ms="482" status="PASS">
          <reporter-output>
          </reporter-output>
        </test-method> <!-- loginPageNavigationTest -->
        <test-method signature="forgotPwdLinkExistTest()[pri:2, instance:com.qa.opencart.tests.LoginPageTests@3ad2e17]" started-at="2025-03-22T23:02:16 IST" name="forgotPwdLinkExistTest" finished-at="2025-03-22T23:02:16 IST" duration-ms="15" status="PASS">
          <reporter-output>
          </reporter-output>
        </test-method> <!-- forgotPwdLinkExistTest -->
        <test-method signature="appLoginTest()[pri:3, instance:com.qa.opencart.tests.LoginPageTests@3ad2e17]" started-at="2025-03-22T23:02:16 IST" name="appLoginTest" finished-at="2025-03-22T23:02:17 IST" duration-ms="565" status="PASS">
          <reporter-output>
          </reporter-output>
        </test-method> <!-- appLoginTest -->
        <test-method is-config="true" signature="tearDown()[pri:0, instance:com.qa.opencart.tests.LoginPageTests@3ad2e17]" started-at="2025-03-22T23:02:17 IST" name="tearDown" finished-at="2025-03-22T23:02:17 IST" duration-ms="450" status="PASS">
          <reporter-output>
          </reporter-output>
        </test-method> <!-- tearDown -->
      </class> <!-- com.qa.opencart.tests.LoginPageTests -->
    </test> <!-- Open Cart Login Page Test_chromium -->
    <test started-at="2025-03-22T23:02:08 IST" name="Open Cart Home Page Test_chrome" finished-at="2025-03-22T23:02:19 IST" duration-ms="10567">
      <class name="com.qa.opencart.tests.HomePageTests">
        <test-method is-config="true" signature="setup(java.lang.String)[pri:0, instance:com.qa.opencart.tests.HomePageTests@6ccdb29f]" started-at="2025-03-22T23:02:08 IST" name="setup" finished-at="2025-03-22T23:02:15 IST" duration-ms="7020" status="PASS">
          <params>
            <param index="0">
              <value>
                <![CDATA[chrome]]>
              </value>
            </param>
          </params>
          <reporter-output>
          </reporter-output>
        </test-method> <!-- setup -->
        <test-method signature="homePageTitleTest()[pri:0, instance:com.qa.opencart.tests.HomePageTests@6ccdb29f]" started-at="2025-03-22T23:02:15 IST" name="homePageTitleTest" finished-at="2025-03-22T23:02:15 IST" duration-ms="25" status="PASS">
          <reporter-output>
          </reporter-output>
        </test-method> <!-- homePageTitleTest -->
        <test-method signature="homePageURLTest()[pri:0, instance:com.qa.opencart.tests.HomePageTests@6ccdb29f]" started-at="2025-03-22T23:02:16 IST" name="homePageURLTest" finished-at="2025-03-22T23:02:16 IST" duration-ms="3" status="PASS">
          <reporter-output>
          </reporter-output>
        </test-method> <!-- homePageURLTest -->
        <test-method signature="searchTest(java.lang.String)[pri:0, instance:com.qa.opencart.tests.HomePageTests@6ccdb29f]" started-at="2025-03-22T23:02:16 IST" name="searchTest" data-provider="getProductData" finished-at="2025-03-22T23:02:17 IST" duration-ms="477" status="PASS">
          <params>
            <param index="0">
              <value>
                <![CDATA[Macbook]]>
              </value>
            </param>
          </params>
          <reporter-output>
          </reporter-output>
        </test-method> <!-- searchTest -->
        <test-method signature="searchTest(java.lang.String)[pri:0, instance:com.qa.opencart.tests.HomePageTests@6ccdb29f]" started-at="2025-03-22T23:02:17 IST" name="searchTest" data-provider="getProductData" finished-at="2025-03-22T23:02:17 IST" duration-ms="375" status="PASS">
          <params>
            <param index="0">
              <value>
                <![CDATA[iMac]]>
              </value>
            </param>
          </params>
          <reporter-output>
          </reporter-output>
        </test-method> <!-- searchTest -->
        <test-method signature="searchTest(java.lang.String)[pri:0, instance:com.qa.opencart.tests.HomePageTests@6ccdb29f]" started-at="2025-03-22T23:02:18 IST" name="searchTest" data-provider="getProductData" finished-at="2025-03-22T23:02:18 IST" duration-ms="371" status="PASS">
          <params>
            <param index="0">
              <value>
                <![CDATA[Samsung]]>
              </value>
            </param>
          </params>
          <reporter-output>
          </reporter-output>
        </test-method> <!-- searchTest -->
        <test-method is-config="true" signature="tearDown()[pri:0, instance:com.qa.opencart.tests.HomePageTests@6ccdb29f]" started-at="2025-03-22T23:02:18 IST" name="tearDown" finished-at="2025-03-22T23:02:19 IST" duration-ms="457" status="PASS">
          <reporter-output>
          </reporter-output>
        </test-method> <!-- tearDown -->
      </class> <!-- com.qa.opencart.tests.HomePageTests -->
    </test> <!-- Open Cart Home Page Test_chrome -->
    <test started-at="2025-03-22T23:02:08 IST" name="Open Cart Home Page Test_edge" finished-at="2025-03-22T23:02:19 IST" duration-ms="10607">
      <class name="com.qa.opencart.tests.HomePageTests">
        <test-method is-config="true" signature="setup(java.lang.String)[pri:0, instance:com.qa.opencart.tests.HomePageTests@1b84f475]" started-at="2025-03-22T23:02:08 IST" name="setup" finished-at="2025-03-22T23:02:15 IST" duration-ms="7179" status="PASS">
          <params>
            <param index="0">
              <value>
                <![CDATA[chromium]]>
              </value>
            </param>
          </params>
          <reporter-output>
          </reporter-output>
        </test-method> <!-- setup -->
        <test-method signature="homePageTitleTest()[pri:0, instance:com.qa.opencart.tests.HomePageTests@1b84f475]" started-at="2025-03-22T23:02:15 IST" name="homePageTitleTest" finished-at="2025-03-22T23:02:15 IST" duration-ms="21" status="PASS">
          <reporter-output>
          </reporter-output>
        </test-method> <!-- homePageTitleTest -->
        <test-method signature="homePageURLTest()[pri:0, instance:com.qa.opencart.tests.HomePageTests@1b84f475]" started-at="2025-03-22T23:02:16 IST" name="homePageURLTest" finished-at="2025-03-22T23:02:16 IST" duration-ms="3" status="PASS">
          <reporter-output>
          </reporter-output>
        </test-method> <!-- homePageURLTest -->
        <test-method signature="searchTest(java.lang.String)[pri:0, instance:com.qa.opencart.tests.HomePageTests@1b84f475]" started-at="2025-03-22T23:02:16 IST" name="searchTest" data-provider="getProductData" finished-at="2025-03-22T23:02:17 IST" duration-ms="469" status="PASS">
          <params>
            <param index="0">
              <value>
                <![CDATA[Macbook]]>
              </value>
            </param>
          </params>
          <reporter-output>
          </reporter-output>
        </test-method> <!-- searchTest -->
        <test-method signature="searchTest(java.lang.String)[pri:0, instance:com.qa.opencart.tests.HomePageTests@1b84f475]" started-at="2025-03-22T23:02:17 IST" name="searchTest" data-provider="getProductData" finished-at="2025-03-22T23:02:18 IST" duration-ms="399" status="PASS">
          <params>
            <param index="0">
              <value>
                <![CDATA[iMac]]>
              </value>
            </param>
          </params>
          <reporter-output>
          </reporter-output>
        </test-method> <!-- searchTest -->
        <test-method signature="searchTest(java.lang.String)[pri:0, instance:com.qa.opencart.tests.HomePageTests@1b84f475]" started-at="2025-03-22T23:02:18 IST" name="searchTest" data-provider="getProductData" finished-at="2025-03-22T23:02:18 IST" duration-ms="402" status="PASS">
          <params>
            <param index="0">
              <value>
                <![CDATA[Samsung]]>
              </value>
            </param>
          </params>
          <reporter-output>
          </reporter-output>
        </test-method> <!-- searchTest -->
        <test-method is-config="true" signature="tearDown()[pri:0, instance:com.qa.opencart.tests.HomePageTests@1b84f475]" started-at="2025-03-22T23:02:18 IST" name="tearDown" finished-at="2025-03-22T23:02:19 IST" duration-ms="342" status="PASS">
          <reporter-output>
          </reporter-output>
        </test-method> <!-- tearDown -->
      </class> <!-- com.qa.opencart.tests.HomePageTests -->
    </test> <!-- Open Cart Home Page Test_edge -->
    <test started-at="2025-03-22T23:02:08 IST" name="Open Cart Login Page Test_firefox" finished-at="2025-03-22T23:02:22 IST" duration-ms="13731">
      <class name="com.qa.opencart.tests.LoginPageTests">
        <test-method is-config="true" signature="setup(java.lang.String)[pri:0, instance:com.qa.opencart.tests.LoginPageTests@2f62ea70]" started-at="2025-03-22T23:02:08 IST" name="setup" finished-at="2025-03-22T23:02:19 IST" duration-ms="11139" status="PASS">
          <params>
            <param index="0">
              <value>
                <![CDATA[firefox]]>
              </value>
            </param>
          </params>
          <reporter-output>
          </reporter-output>
        </test-method> <!-- setup -->
        <test-method signature="loginPageNavigationTest()[pri:1, instance:com.qa.opencart.tests.LoginPageTests@2f62ea70]" started-at="2025-03-22T23:02:19 IST" name="loginPageNavigationTest" finished-at="2025-03-22T23:02:20 IST" duration-ms="583" status="PASS">
          <reporter-output>
          </reporter-output>
        </test-method> <!-- loginPageNavigationTest -->
        <test-method signature="forgotPwdLinkExistTest()[pri:2, instance:com.qa.opencart.tests.LoginPageTests@2f62ea70]" started-at="2025-03-22T23:02:20 IST" name="forgotPwdLinkExistTest" finished-at="2025-03-22T23:02:20 IST" duration-ms="17" status="PASS">
          <reporter-output>
          </reporter-output>
        </test-method> <!-- forgotPwdLinkExistTest -->
        <test-method signature="appLoginTest()[pri:3, instance:com.qa.opencart.tests.LoginPageTests@2f62ea70]" started-at="2025-03-22T23:02:20 IST" name="appLoginTest" finished-at="2025-03-22T23:02:21 IST" duration-ms="722" status="FAIL">
          <exception class="java.lang.AssertionError">
            <message>
              <![CDATA[Wasnt able to login expected [true] but found [false]]]>
            </message>
            <full-stacktrace>
              <![CDATA[java.lang.AssertionError: Wasnt able to login expected [true] but found [false]
at org.testng.Assert.fail(Assert.java:99)
at org.testng.Assert.failNotEquals(Assert.java:1037)
at org.testng.Assert.assertTrue(Assert.java:45)
at com.qa.opencart.tests.LoginPageTests.appLoginTest(LoginPageTests.java:27)
at java.base/jdk.internal.reflect.DirectMethodHandleAccessor.invoke(DirectMethodHandleAccessor.java:103)
at java.base/java.lang.reflect.Method.invoke(Method.java:580)
at org.testng.internal.MethodInvocationHelper.invokeMethod(MethodInvocationHelper.java:133)
at org.testng.internal.TestInvoker.invokeMethod(TestInvoker.java:598)
at org.testng.internal.TestInvoker.invokeTestMethod(TestInvoker.java:173)
at org.testng.internal.MethodRunner.runInSequence(MethodRunner.java:46)
at org.testng.internal.TestInvoker$MethodInvocationAgent.invoke(TestInvoker.java:824)
at org.testng.internal.TestInvoker.invokeTestMethods(TestInvoker.java:146)
at org.testng.internal.TestMethodWorker.invokeTestMethods(TestMethodWorker.java:146)
at org.testng.internal.TestMethodWorker.run(TestMethodWorker.java:128)
at java.base/java.util.ArrayList.forEach(ArrayList.java:1597)
at org.testng.TestRunner.privateRun(TestRunner.java:794)
at org.testng.TestRunner.run(TestRunner.java:596)
at org.testng.SuiteRunner.runTest(SuiteRunner.java:377)
at org.testng.SuiteRunner.access$000(SuiteRunner.java:28)
at org.testng.SuiteRunner$SuiteWorker.run(SuiteRunner.java:418)
at org.testng.internal.thread.ThreadUtil.lambda$execute$0(ThreadUtil.java:64)
at java.base/java.util.concurrent.FutureTask.run(FutureTask.java:317)
at java.base/java.util.concurrent.ThreadPoolExecutor.runWorker(ThreadPoolExecutor.java:1144)
at java.base/java.util.concurrent.ThreadPoolExecutor$Worker.run(ThreadPoolExecutor.java:642)
at java.base/java.lang.Thread.run(Thread.java:1570)
]]>
            </full-stacktrace>
          </exception> <!-- java.lang.AssertionError -->
          <reporter-output>
          </reporter-output>
        </test-method> <!-- appLoginTest -->
        <test-method is-config="true" signature="tearDown()[pri:0, instance:com.qa.opencart.tests.LoginPageTests@2f62ea70]" started-at="2025-03-22T23:02:21 IST" name="tearDown" finished-at="2025-03-22T23:02:22 IST" duration-ms="768" status="PASS">
          <reporter-output>
          </reporter-output>
        </test-method> <!-- tearDown -->
      </class> <!-- com.qa.opencart.tests.LoginPageTests -->
    </test> <!-- Open Cart Login Page Test_firefox -->
  </suite> <!-- Open Cart Test Regression PW Suite -->
</testng-results>
