<?xml version="1.0" encoding="UTF-8"?>
<testng-results ignored="0" total="8" passed="7" failed="1" skipped="0">
  <reporter-output>
  </reporter-output>
  <suite started-at="2025-03-22T13:14:32 IST" name="Open Cart Test Regression PW Suite" finished-at="2025-03-22T13:14:48 IST" duration-ms="15834">
    <groups>
    </groups>
    <test started-at="2025-03-22T13:14:32 IST" name="Open Cart Home Page Test_chrome" finished-at="2025-03-22T13:14:42 IST" duration-ms="10267">
      <class name="com.qa.opencart.tests.HomePageTests">
        <test-method is-config="true" signature="setup(java.lang.String)[pri:0, instance:com.qa.opencart.tests.HomePageTests@6ccdb29f]" started-at="2025-03-22T13:14:32 IST" name="setup" finished-at="2025-03-22T13:14:38 IST" duration-ms="6414" status="PASS">
          <params>
            <param index="0">
              <value>
                <![CDATA[chrome]]>
              </value>
            </param>
          </params>
          <reporter-output>
          </reporter-output>
        </test-method> <!-- setup -->
        <test-method signature="homePageTitleTest()[pri:0, instance:com.qa.opencart.tests.HomePageTests@6ccdb29f]" started-at="2025-03-22T13:14:38 IST" name="homePageTitleTest" finished-at="2025-03-22T13:14:38 IST" duration-ms="20" status="PASS">
          <reporter-output>
          </reporter-output>
        </test-method> <!-- homePageTitleTest -->
        <test-method signature="homePageURLTest()[pri:0, instance:com.qa.opencart.tests.HomePageTests@6ccdb29f]" started-at="2025-03-22T13:14:39 IST" name="homePageURLTest" finished-at="2025-03-22T13:14:39 IST" duration-ms="1" status="PASS">
          <reporter-output>
          </reporter-output>
        </test-method> <!-- homePageURLTest -->
        <test-method signature="searchTest(java.lang.String)[pri:0, instance:com.qa.opencart.tests.HomePageTests@6ccdb29f]" started-at="2025-03-22T13:14:39 IST" name="searchTest" data-provider="getProductData" finished-at="2025-03-22T13:14:39 IST" duration-ms="533" status="PASS">
          <params>
            <param index="0">
              <value>
                <![CDATA[Macbook]]>
              </value>
            </param>
          </params>
          <reporter-output>
          </reporter-output>
        </test-method> <!-- searchTest -->
        <test-method signature="searchTest(java.lang.String)[pri:0, instance:com.qa.opencart.tests.HomePageTests@6ccdb29f]" started-at="2025-03-22T13:14:40 IST" name="searchTest" data-provider="getProductData" finished-at="2025-03-22T13:14:40 IST" duration-ms="429" status="PASS">
          <params>
            <param index="0">
              <value>
                <![CDATA[iMac]]>
              </value>
            </param>
          </params>
          <reporter-output>
          </reporter-output>
        </test-method> <!-- searchTest -->
        <test-method signature="searchTest(java.lang.String)[pri:0, instance:com.qa.opencart.tests.HomePageTests@6ccdb29f]" started-at="2025-03-22T13:14:40 IST" name="searchTest" data-provider="getProductData" finished-at="2025-03-22T13:14:41 IST" duration-ms="400" status="PASS">
          <params>
            <param index="0">
              <value>
                <![CDATA[Samsung]]>
              </value>
            </param>
          </params>
          <reporter-output>
          </reporter-output>
        </test-method> <!-- searchTest -->
        <test-method is-config="true" signature="tearDown()[pri:0, instance:com.qa.opencart.tests.HomePageTests@6ccdb29f]" started-at="2025-03-22T13:14:41 IST" name="tearDown" finished-at="2025-03-22T13:14:42 IST" duration-ms="1162" status="PASS">
          <reporter-output>
          </reporter-output>
        </test-method> <!-- tearDown -->
      </class> <!-- com.qa.opencart.tests.HomePageTests -->
    </test> <!-- Open Cart Home Page Test_chrome -->
    <test started-at="2025-03-22T13:14:42 IST" name="Open Cart Login Page Test_chromium" finished-at="2025-03-22T13:14:48 IST" duration-ms="5478">
      <class name="com.qa.opencart.tests.LoginPageTests">
        <test-method is-config="true" signature="setup(java.lang.String)[pri:0, instance:com.qa.opencart.tests.LoginPageTests@3ad2e17]" started-at="2025-03-22T13:14:42 IST" name="setup" finished-at="2025-03-22T13:14:45 IST" duration-ms="2796" status="PASS">
          <params>
            <param index="0">
              <value>
                <![CDATA[edge]]>
              </value>
            </param>
          </params>
          <reporter-output>
          </reporter-output>
        </test-method> <!-- setup -->
        <test-method signature="loginPageNavigationTest()[pri:1, instance:com.qa.opencart.tests.LoginPageTests@3ad2e17]" started-at="2025-03-22T13:14:45 IST" name="loginPageNavigationTest" finished-at="2025-03-22T13:14:45 IST" duration-ms="424" status="PASS">
          <reporter-output>
          </reporter-output>
        </test-method> <!-- loginPageNavigationTest -->
        <test-method signature="forgotPwdLinkExistTest()[pri:2, instance:com.qa.opencart.tests.LoginPageTests@3ad2e17]" started-at="2025-03-22T13:14:46 IST" name="forgotPwdLinkExistTest" finished-at="2025-03-22T13:14:46 IST" duration-ms="12" status="PASS">
          <reporter-output>
          </reporter-output>
        </test-method> <!-- forgotPwdLinkExistTest -->
        <test-method signature="appLoginTest()[pri:3, instance:com.qa.opencart.tests.LoginPageTests@3ad2e17]" started-at="2025-03-22T13:14:46 IST" name="appLoginTest" finished-at="2025-03-22T13:14:46 IST" duration-ms="534" status="FAIL">
          <exception class="java.lang.AssertionError">
            <message>
              <![CDATA[Wasnt able to login expected [true] but found [false]]]>
            </message>
            <full-stacktrace>
              <![CDATA[java.lang.AssertionError: Wasnt able to login expected [true] but found [false]
at org.testng.Assert.fail(Assert.java:99)
at org.testng.Assert.failNotEquals(Assert.java:1037)
at org.testng.Assert.assertTrue(Assert.java:45)
at com.qa.opencart.tests.LoginPageTests.appLoginTest(LoginPageTests.java:27)
at java.base/jdk.internal.reflect.DirectMethodHandleAccessor.invoke(DirectMethodHandleAccessor.java:103)
at java.base/java.lang.reflect.Method.invoke(Method.java:580)
at org.testng.internal.MethodInvocationHelper.invokeMethod(MethodInvocationHelper.java:133)
at org.testng.internal.TestInvoker.invokeMethod(TestInvoker.java:598)
at org.testng.internal.TestInvoker.invokeTestMethod(TestInvoker.java:173)
at org.testng.internal.MethodRunner.runInSequence(MethodRunner.java:46)
at org.testng.internal.TestInvoker$MethodInvocationAgent.invoke(TestInvoker.java:824)
at org.testng.internal.TestInvoker.invokeTestMethods(TestInvoker.java:146)
at org.testng.internal.TestMethodWorker.invokeTestMethods(TestMethodWorker.java:146)
at org.testng.internal.TestMethodWorker.run(TestMethodWorker.java:128)
at java.base/java.util.ArrayList.forEach(ArrayList.java:1597)
at org.testng.TestRunner.privateRun(TestRunner.java:794)
at org.testng.TestRunner.run(TestRunner.java:596)
at org.testng.SuiteRunner.runTest(SuiteRunner.java:377)
at org.testng.SuiteRunner.access$000(SuiteRunner.java:28)
at org.testng.SuiteRunner$SuiteWorker.run(SuiteRunner.java:418)
at org.testng.internal.thread.ThreadUtil.lambda$execute$0(ThreadUtil.java:64)
at java.base/java.util.concurrent.FutureTask.run(FutureTask.java:317)
at java.base/java.util.concurrent.ThreadPoolExecutor.runWorker(ThreadPoolExecutor.java:1144)
at java.base/java.util.concurrent.ThreadPoolExecutor$Worker.run(ThreadPoolExecutor.java:642)
at java.base/java.lang.Thread.run(Thread.java:1570)
]]>
            </full-stacktrace>
          </exception> <!-- java.lang.AssertionError -->
          <reporter-output>
          </reporter-output>
        </test-method> <!-- appLoginTest -->
        <test-method is-config="true" signature="tearDown()[pri:0, instance:com.qa.opencart.tests.LoginPageTests@3ad2e17]" started-at="2025-03-22T13:14:46 IST" name="tearDown" finished-at="2025-03-22T13:14:48 IST" duration-ms="1096" status="PASS">
          <reporter-output>
          </reporter-output>
        </test-method> <!-- tearDown -->
      </class> <!-- com.qa.opencart.tests.LoginPageTests -->
    </test> <!-- Open Cart Login Page Test_chromium -->
  </suite> <!-- Open Cart Test Regression PW Suite -->
</testng-results>
