<?xml version="1.0" encoding="UTF-8"?>
<!-- Generated by org.testng.reporters.JUnitReportReporter -->
<testsuite hostname="Neudesic30CZ444" failures="0" tests="10" name="com.qa.opencart.tests.HomePageTests" time="2.719" errors="0" timestamp="2025-03-22T16:52:03 IST" skipped="0">
  <testcase classname="com.qa.opencart.tests.HomePageTests" name="searchTest" time="0.425"/>
  <system-out/>
  <testcase classname="com.qa.opencart.tests.HomePageTests" name="homePageURLTest" time="0.002"/>
  <system-out/>
  <testcase classname="com.qa.opencart.tests.HomePageTests" name="searchTest" time="0.412"/>
  <system-out/>
  <testcase classname="com.qa.opencart.tests.HomePageTests" name="homePageURLTest" time="0.002"/>
  <system-out/>
  <testcase classname="com.qa.opencart.tests.HomePageTests" name="searchTest" time="0.443"/>
  <system-out/>
  <testcase classname="com.qa.opencart.tests.HomePageTests" name="searchTest" time="0.441"/>
  <system-out/>
  <testcase classname="com.qa.opencart.tests.HomePageTests" name="searchTest" time="0.424"/>
  <system-out/>
  <testcase classname="com.qa.opencart.tests.HomePageTests" name="homePageTitleTest" time="0.056"/>
  <system-out/>
  <testcase classname="com.qa.opencart.tests.HomePageTests" name="searchTest" time="0.435"/>
  <system-out/>
  <testcase classname="com.qa.opencart.tests.HomePageTests" name="homePageTitleTest" time="0.079"/>
  <system-out/>
</testsuite> <!-- com.qa.opencart.tests.HomePageTests -->
