<?xml version="1.0" encoding="UTF-8"?>
<!-- Generated by org.testng.reporters.JUnitReportReporter -->
<testsuite hostname="Neudesic30CZ444" failures="0" tests="5" name="com.qa.opencart.tests.HomePageTests" time="1.383" errors="0" timestamp="2025-03-23T12:13:24 IST" skipped="0">
  <testcase classname="com.qa.opencart.tests.HomePageTests" name="searchTest" time="0.533"/>
  <system-out/>
  <testcase classname="com.qa.opencart.tests.HomePageTests" name="searchTest" time="0.400"/>
  <system-out/>
  <testcase classname="com.qa.opencart.tests.HomePageTests" name="homePageURLTest" time="0.001"/>
  <system-out/>
  <testcase classname="com.qa.opencart.tests.HomePageTests" name="homePageTitleTest" time="0.020"/>
  <system-out/>
  <testcase classname="com.qa.opencart.tests.HomePageTests" name="searchTest" time="0.429"/>
  <system-out/>
</testsuite> <!-- com.qa.opencart.tests.HomePageTests -->
