<?xml version="1.0" encoding="UTF-8"?>
<!-- Generated by org.testng.reporters.JUnitReportReporter -->
<testsuite hostname="Neudesic30CZ444" failures="0" tests="3" name="com.qa.opencart.tests.LoginPageTests" time="1.264" errors="0" timestamp="2025-03-22T16:50:20 IST" skipped="0">
  <testcase classname="com.qa.opencart.tests.LoginPageTests" name="loginPageNavigationTest" time="0.543"/>
  <testcase classname="com.qa.opencart.tests.LoginPageTests" name="forgotPwdLinkExistTest" time="0.012"/>
  <testcase classname="com.qa.opencart.tests.LoginPageTests" name="appLoginTest" time="0.709"/>
</testsuite> <!-- com.qa.opencart.tests.LoginPageTests -->
