<?xml version="1.0" encoding="UTF-8"?>
<!-- Generated by org.testng.reporters.JUnitReportReporter -->
<testsuite hostname="Neudesic30CZ444" failures="0" tests="10" name="com.qa.opencart.tests.HomePageTests" time="3.299" errors="0" timestamp="2025-03-22T16:50:20 IST" skipped="0">
  <testcase classname="com.qa.opencart.tests.HomePageTests" name="homePageURLTest" time="0.001"/>
  <testcase classname="com.qa.opencart.tests.HomePageTests" name="searchTest" time="0.582"/>
  <testcase classname="com.qa.opencart.tests.HomePageTests" name="searchTest" time="0.478"/>
  <testcase classname="com.qa.opencart.tests.HomePageTests" name="searchTest" time="0.524"/>
  <testcase classname="com.qa.opencart.tests.HomePageTests" name="homePageTitleTest" time="0.039"/>
  <testcase classname="com.qa.opencart.tests.HomePageTests" name="searchTest" time="0.454"/>
  <testcase classname="com.qa.opencart.tests.HomePageTests" name="searchTest" time="0.533"/>
  <testcase classname="com.qa.opencart.tests.HomePageTests" name="homePageURLTest" time="0.001"/>
  <testcase classname="com.qa.opencart.tests.HomePageTests" name="homePageTitleTest" time="0.033"/>
  <testcase classname="com.qa.opencart.tests.HomePageTests" name="searchTest" time="0.654"/>
</testsuite> <!-- com.qa.opencart.tests.HomePageTests -->
